


ARM Macro Assembler    Page 1 


    1 00000000         ;   Program Blink_red.s
    2 00000000         ;   Swicht with Blink Red, Blue and Green
    3 00000000         ;   Sent a Pulces to Port B
    4 00000000         ;   Roman Lopez B.
    5 00000000         ;   September 5, 2020
    6 00000000         ;   !WORKs
    7 00000000                 IMPORT           PORTF_Init
    8 00000000                 IMPORT           PORTB_Init
    9 00000000                 IMPORT           GPIO_PORTF_DATA_R
   10 00000000                 IMPORT           GPIO_PORTB_DATA_R
   11 00000000         
   12 00000000 000000FF 
                       M       EQU              0x0FF       ;Delay constant
   13 00000000                 AREA             |.text|, CODE, READONLY, ALIGN=
2
   14 00000000                 THUMB
   15 00000000                 EXPORT           Start
   16 00000000         Start
   17 00000000         ;-------------------------------------------------------
                       ---------
   18 00000000 F7FF FFFE       BL               PORTF_Init  ; initialize PF0 an
                                                            d PF4 and make them
                                                             inputs
   19 00000004 F7FF FFFE       BL               PORTB_Init  ; initialize PB0 to
                                                             PF7 as output
   20 00000008 480D            LDR              R0,=GPIO_PORTB_DATA_R ;R0 Point
                                                             PORTA Data
   21 0000000A         
   22 0000000A F04F 0100 
                       Loop    MOV              R1,#0x00
   23 0000000E 7001    Loop1   STRB             R1,[R0]     ;Turn Off The LEDs
   24 00000010 F04F 0305       MOV              R3,#0x5
   25 00000014 F000 F805       BL               Delay
   26 00000018 F101 0101       ADD              R1,R1,#1
   27 0000001C F000 F801       BL               Delay
   28 00000020 E7F5            B                Loop1
   29 00000022         ;Loop MOV R1,#0x00
   30 00000022         ;  STRB R1,[R0]      ;Turn Off The LEDs
   31 00000022         ;  MOV R3,#0x5
   32 00000022         ;  BL Delay
   33 00000022         ;  MOV R1,#0XAA
   34 00000022         ;  STRB R1,[R0]      ;Turn Off The LEDs
   35 00000022         ;  MOV R3,#0x5
   36 00000022         ;  BL Delay
   37 00000022         ;  B Loop
   38 00000022         ;>>>>>> Subroutine Delay <<<<<<<<<<  
   39 00000022         Delay
   40 00000022 B50E            PUSH             {R1,R2,R3,LR}
   41 00000024         Delay_Loop0
   42 00000024 F04F 02FF       LDR              R2, =M      ;Set R2 =0x00FFFFFF
                                                            
   43 00000028         Delay_Loop1
   44 00000028 F1A2 0201       SUB              R2,#1
   45 0000002C 2A00            CMP              R2,#0x0
   46 0000002E D1FB            BNE              Delay_Loop1
   47 00000030         
   48 00000030 F1A3 0301       SUB              R3,#1
   49 00000034 2B00            CMP              R3,#0
   50 00000036 D1F5            BNE              Delay_Loop0



ARM Macro Assembler    Page 2 


   51 00000038 E8BD 400E       POP              {R1,R2,R3,LR}
   52 0000003C 4770            BX               LR
   53 0000003E         
   54 0000003E 00 00           ALIGN                        ; make sure the end
                                                             of this section is
                                                             aligned
   55 00000040                 END                          ; end of file
              00000000 
Command Line: --debug --xref --diag_suppress=9931 --cpu=Cortex-M4.fp.sp --apcs=
interwork --depend=.\objects\blink_portb.d -o.\objects\blink_portb.o -IC:\Keil_
v5\ARM\RV31\Inc -I.\RTE\_Target_1 -IC:\Users\rolopez\AppData\Local\Arm\Packs\AR
M\CMSIS\5.7.0\CMSIS\Core\Include -IC:\Users\rolopez\AppData\Local\Arm\Packs\Kei
l\TM4C_DFP\1.1.0\Device\Include\TM4C123 --predefine="__EVAL SETA 1" --predefine
="__UVISION_VERSION SETA 529" --predefine="_RTE_ SETA 1" --predefine="TM4C123GH
6PM SETA 1" --list=.\listings\blink_portb.lst Blink_PortB.s



ARM Macro Assembler    Page 1 Alphabetic symbol ordering
Relocatable symbols

.text 00000000

Symbol: .text
   Definitions
      At line 13 in file Blink_PortB.s
   Uses
      None
Comment: .text unused
Delay 00000022

Symbol: Delay
   Definitions
      At line 39 in file Blink_PortB.s
   Uses
      At line 25 in file Blink_PortB.s
      At line 27 in file Blink_PortB.s

Delay_Loop0 00000024

Symbol: Delay_Loop0
   Definitions
      At line 41 in file Blink_PortB.s
   Uses
      At line 50 in file Blink_PortB.s
Comment: Delay_Loop0 used once
Delay_Loop1 00000028

Symbol: Delay_Loop1
   Definitions
      At line 43 in file Blink_PortB.s
   Uses
      At line 46 in file Blink_PortB.s
Comment: Delay_Loop1 used once
Loop 0000000A

Symbol: Loop
   Definitions
      At line 22 in file Blink_PortB.s
   Uses
      None
Comment: Loop unused
Loop1 0000000E

Symbol: Loop1
   Definitions
      At line 23 in file Blink_PortB.s
   Uses
      At line 28 in file Blink_PortB.s
Comment: Loop1 used once
Start 00000000

Symbol: Start
   Definitions
      At line 16 in file Blink_PortB.s
   Uses
      At line 15 in file Blink_PortB.s
Comment: Start used once
7 symbols



ARM Macro Assembler    Page 1 Alphabetic symbol ordering
Absolute symbols

M 000000FF

Symbol: M
   Definitions
      At line 12 in file Blink_PortB.s
   Uses
      At line 42 in file Blink_PortB.s
Comment: M used once
1 symbol



ARM Macro Assembler    Page 1 Alphabetic symbol ordering
External symbols

GPIO_PORTB_DATA_R 00000000

Symbol: GPIO_PORTB_DATA_R
   Definitions
      At line 10 in file Blink_PortB.s
   Uses
      At line 20 in file Blink_PortB.s
Comment: GPIO_PORTB_DATA_R used once
GPIO_PORTF_DATA_R 00000000

Symbol: GPIO_PORTF_DATA_R
   Definitions
      At line 9 in file Blink_PortB.s
   Uses
      None
Comment: GPIO_PORTF_DATA_R unused
PORTB_Init 00000000

Symbol: PORTB_Init
   Definitions
      At line 8 in file Blink_PortB.s
   Uses
      At line 19 in file Blink_PortB.s
Comment: PORTB_Init used once
PORTF_Init 00000000

Symbol: PORTF_Init
   Definitions
      At line 7 in file Blink_PortB.s
   Uses
      At line 18 in file Blink_PortB.s
Comment: PORTF_Init used once
4 symbols
349 symbols in table
