


ARM Macro Assembler    Page 1 


    1 00000000         ;   Program Seven_segmet.s
    2 00000000         ;   Send a pater to the Seven segmet
    3 00000000         ;   Roman Lopez B.
    4 00000000         ;   September 5, 2020
    5 00000000         ;   !WORKs
    6 00000000         
    7 00000000                 IMPORT           PORTF_Init
    8 00000000                 IMPORT           GPIO_PORTF_DATA_R
    9 00000000                 IMPORT           PORTB_Init
   10 00000000                 IMPORT           GPIO_PORTB_DATA_R
   11 00000000                 IMPORT           SysTick_Disable
   12 00000000                 IMPORT           SysTick_Init
   13 00000000                 IMPORT           SysTick_Wait10ms
   14 00000000                 IMPORT           SysTick_Wait
   15 00000000         ;Constant Start at 0x08
   16 00000000                 AREA             MyConstant,CODE,READONLY
   17 00000000         Seg_Pat                              ;This the paterm to
                                                             be displayed in th
                                                            e Seven Segment
   18 00000000         ;DCB  0X3F,0X2,0X4,0X8,0X10,0X20,0x01,0x20,0X10,0X08,0x0
                       4,0x02,0x01,0XAA
   19 00000000 3F 06 5B 
              4F 66 6D 
              7D 07 7F 
              67               DCB              0X3F,0X06,0X5B,0X4F,0X66,0X6D,0
X7D,0X07,0X7F,0X67 
                                                            ; (0-9) 7-Segment D
                                                            isplay Table
   20 0000000A 00 00           ALIGN            4
   21 0000000C         ;M         EQU 0x007FFFF   ;Delay constant
   22 0000000C                 AREA             |.text|, CODE, READONLY, ALIGN=
2
   23 00000000                 THUMB
   24 00000000                 EXPORT           Start
   25 00000000                 IMPORT           SysTick_Init
   26 00000000                 IMPORT           SysTick_Wait
   27 00000000         Start
   28 00000000         
   29 00000000 F7FF FFFE       BL               PORTF_Init  ; initialize PF0 an
                                                            d PF4 as input and 
                                                            PF1, PF2 and PF3 as
                                                             output
   30 00000004 F7FF FFFE       BL               PORTB_Init  ; initialize PB0 to
                                                             PB7 as output
   31 00000008 F7FF FFFE       BL               SysTick_Init
   32 0000000C 4824            LDR              R0,=GPIO_PORTB_DATA_R ;R0 Point
                                                             PORTB Data
   33 0000000E         
   34 0000000E         ;Loop0 LDR  R1,=Seg_Pat
   35 0000000E         ;Loop1 LDRB R2,[R1],#1
   36 0000000E         ;  CMP  R2,#0XAA
   37 0000000E         ;  BEQ  Loop0
   38 0000000E         ;  MVN R3,R2      ;Use this command if you LED ia Common
                        Anode
   39 0000000E         ;;  STRB R2,[R0]     ;Send the seven segmen code to LEDs
                       
   40 0000000E         ;  STRB R3,[R0]     ;Turn Off The LEDs  
   41 0000000E         ;  BL SysTick_Wait     ;Delay one second
   42 0000000E         ;  BL SysTick_Wait     ;Delay one second



ARM Macro Assembler    Page 2 


   43 0000000E         ;  BL SysTick_Wait     ;Delay one second
   44 0000000E         ;  BL SysTick_Wait     ;Delay one second
   45 0000000E         ;  BL SysTick_Wait     ;Delay one second
   46 0000000E         ;  
   47 0000000E         ;  B   Loop1
   48 0000000E         
   49 0000000E         MAIN
   50 0000000E 4C25            LDR              R4,=GPIO_PORTF_DATA_R
   51 00000010 4925            LDR              R1,=Seg_Pat
   52 00000012         LOOP_MAIN
   53 00000012 6825            LDR              R5,[R4]
   54 00000014 F005 0511       AND              R5,R5,#0X11
   55 00000018 2D01            CMP              R5,#0X01
   56 0000001A D005            BEQ              DES_DISPLAY1
   57 0000001C         
   58 0000001C 2D10            CMP              R5,#0X10
   59 0000001E D022            BEQ              ASC_DISPLAY1
   60 00000020         
   61 00000020 F04F 0300       MOV              R3,#0X00
   62 00000024 7003            STRB             R3,[R0]
   63 00000026         
   64 00000026 E7F4            B                LOOP_MAIN
   65 00000028         
   66 00000028         DES_DISPLAY1
   67 00000028 491F            LDR              R1,=Seg_Pat
   68 0000002A 780A            LDRB             R2,[R1]
   69 0000002C E7FF            B                DES_DISPLAY2
   70 0000002E         DES_DISPLAY2
   71 0000002E EA6F 0302       MVN              R3,R2
   72 00000032 7003            STRB             R3,[R0]
   73 00000034 F811 2B01       LDRB             R2,[R1],#1
   74 00000038 F7FF FFFE       BL               SysTick_Wait
   75 0000003C F7FF FFFE       BL               SysTick_Wait
   76 00000040 F7FF FFFE       BL               SysTick_Wait
   77 00000044 F7FF FFFE       BL               SysTick_Wait
   78 00000048 F7FF FFFE       BL               SysTick_Wait
   79 0000004C F7FF FFFE       BL               SysTick_Wait
   80 00000050 F7FF FFFE       BL               SysTick_Wait
   81 00000054 F7FF FFFE       BL               SysTick_Wait
   82 00000058 2A67            CMP              R2,#0X67
   83 0000005A 780A            LDRB             R2,[R1]
   84 0000005C EA6F 0302       MVN              R3,R2
   85 00000060 7003            STRB             R3,[R0]
   86 00000062 D1E4            BNE              DES_DISPLAY2
   87 00000064         ;CMP R4,#0X10
   88 00000064         ;BEQ LOOP_MAIN
   89 00000064 E7E0            B                DES_DISPLAY1
   90 00000066         
   91 00000066         ASC_DISPLAY1
   92 00000066 4910            LDR              R1,=Seg_Pat
   93 00000068 F811 2B09       LDRB             R2,[R1],#9
   94 0000006C E7FF            B                ASC_DISPLAY2
   95 0000006E         ASC_DISPLAY2
   96 0000006E EA6F 0302       MVN              R3,R2
   97 00000072 7003            STRB             R3,[R0]
   98 00000074 F811 2901       LDRB             R2,[R1],#-1
   99 00000078 F7FF FFFE       BL               SysTick_Wait
  100 0000007C F7FF FFFE       BL               SysTick_Wait
  101 00000080 F7FF FFFE       BL               SysTick_Wait



ARM Macro Assembler    Page 3 


  102 00000084 F7FF FFFE       BL               SysTick_Wait
  103 00000088 F7FF FFFE       BL               SysTick_Wait
  104 0000008C F7FF FFFE       BL               SysTick_Wait
  105 00000090 F7FF FFFE       BL               SysTick_Wait
  106 00000094 F7FF FFFE       BL               SysTick_Wait
  107 00000098 2A3F            CMP              R2,#0X3F
  108 0000009A D1E8            BNE              ASC_DISPLAY2
  109 0000009C         ;CMP R4,#0X01
  110 0000009C         ;BEQ LOOP_MAIN
  111 0000009C E7E3            B                ASC_DISPLAY1
  112 0000009E         
  113 0000009E 00 00           ALIGN                        ; make sure the end
                                                             of this section is
                                                             aligned
  114 000000A0         
  115 000000A0                 END                          ; end of file
              00000000 
              00000000 
              00000000 
Command Line: --debug --xref --diag_suppress=9931 --cpu=Cortex-M4.fp.sp --apcs=
interwork --depend=.\objects\seven_seg.d -o.\objects\seven_seg.o -I.\RTE\_Targe
t_1 -IC:\Users\Rafael\AppData\Local\Arm\Packs\ARM\CMSIS\5.8.0\CMSIS\Core\Includ
e -IC:\Users\Rafael\AppData\Local\Arm\Packs\Keil\TM4C_DFP\1.1.0\Device\Include\
TM4C123 --predefine="__EVAL SETA 1" --predefine="__UVISION_VERSION SETA 535" --
predefine="_RTE_ SETA 1" --predefine="TM4C123GH6PM SETA 1" --predefine="_RTE_ S
ETA 1" --list=.\listings\seven_seg.lst Seven_Seg.s



ARM Macro Assembler    Page 1 Alphabetic symbol ordering
Relocatable symbols

MyConstant 00000000

Symbol: MyConstant
   Definitions
      At line 16 in file Seven_Seg.s
   Uses
      None
Comment: MyConstant unused
Seg_Pat 00000000

Symbol: Seg_Pat
   Definitions
      At line 17 in file Seven_Seg.s
   Uses
      At line 51 in file Seven_Seg.s
      At line 67 in file Seven_Seg.s
      At line 92 in file Seven_Seg.s

2 symbols



ARM Macro Assembler    Page 1 Alphabetic symbol ordering
Relocatable symbols

.text 00000000

Symbol: .text
   Definitions
      At line 22 in file Seven_Seg.s
   Uses
      None
Comment: .text unused
ASC_DISPLAY1 00000066

Symbol: ASC_DISPLAY1
   Definitions
      At line 91 in file Seven_Seg.s
   Uses
      At line 59 in file Seven_Seg.s
      At line 111 in file Seven_Seg.s

ASC_DISPLAY2 0000006E

Symbol: ASC_DISPLAY2
   Definitions
      At line 95 in file Seven_Seg.s
   Uses
      At line 94 in file Seven_Seg.s
      At line 108 in file Seven_Seg.s

DES_DISPLAY1 00000028

Symbol: DES_DISPLAY1
   Definitions
      At line 66 in file Seven_Seg.s
   Uses
      At line 56 in file Seven_Seg.s
      At line 89 in file Seven_Seg.s

DES_DISPLAY2 0000002E

Symbol: DES_DISPLAY2
   Definitions
      At line 70 in file Seven_Seg.s
   Uses
      At line 69 in file Seven_Seg.s
      At line 86 in file Seven_Seg.s

LOOP_MAIN 00000012

Symbol: LOOP_MAIN
   Definitions
      At line 52 in file Seven_Seg.s
   Uses
      At line 64 in file Seven_Seg.s
Comment: LOOP_MAIN used once
MAIN 0000000E

Symbol: MAIN
   Definitions
      At line 49 in file Seven_Seg.s
   Uses
      None



ARM Macro Assembler    Page 2 Alphabetic symbol ordering
Relocatable symbols

Comment: MAIN unused
Start 00000000

Symbol: Start
   Definitions
      At line 27 in file Seven_Seg.s
   Uses
      At line 24 in file Seven_Seg.s
Comment: Start used once
8 symbols



ARM Macro Assembler    Page 1 Alphabetic symbol ordering
External symbols

GPIO_PORTB_DATA_R 00000000

Symbol: GPIO_PORTB_DATA_R
   Definitions
      At line 10 in file Seven_Seg.s
   Uses
      At line 32 in file Seven_Seg.s
Comment: GPIO_PORTB_DATA_R used once
GPIO_PORTF_DATA_R 00000000

Symbol: GPIO_PORTF_DATA_R
   Definitions
      At line 8 in file Seven_Seg.s
   Uses
      At line 50 in file Seven_Seg.s
Comment: GPIO_PORTF_DATA_R used once
PORTB_Init 00000000

Symbol: PORTB_Init
   Definitions
      At line 9 in file Seven_Seg.s
   Uses
      At line 30 in file Seven_Seg.s
Comment: PORTB_Init used once
PORTF_Init 00000000

Symbol: PORTF_Init
   Definitions
      At line 7 in file Seven_Seg.s
   Uses
      At line 29 in file Seven_Seg.s
Comment: PORTF_Init used once
SysTick_Disable 00000000

Symbol: SysTick_Disable
   Definitions
      At line 11 in file Seven_Seg.s
   Uses
      None
Comment: SysTick_Disable unused
SysTick_Init 00000000

Symbol: SysTick_Init
   Definitions
      At line 12 in file Seven_Seg.s
      At line 25 in file Seven_Seg.s
   Uses
      At line 31 in file Seven_Seg.s
Warning: SysTick_Init multiply definedComment: SysTick_Init used once
SysTick_Wait 00000000

Symbol: SysTick_Wait
   Definitions
      At line 14 in file Seven_Seg.s
      At line 26 in file Seven_Seg.s
   Uses
      At line 74 in file Seven_Seg.s
      At line 75 in file Seven_Seg.s
      At line 76 in file Seven_Seg.s



ARM Macro Assembler    Page 2 Alphabetic symbol ordering
External symbols

      At line 77 in file Seven_Seg.s
      At line 78 in file Seven_Seg.s
      At line 79 in file Seven_Seg.s
      At line 80 in file Seven_Seg.s
      At line 81 in file Seven_Seg.s
      At line 99 in file Seven_Seg.s
      At line 100 in file Seven_Seg.s
      At line 101 in file Seven_Seg.s
      At line 102 in file Seven_Seg.s
      At line 103 in file Seven_Seg.s
      At line 104 in file Seven_Seg.s
      At line 105 in file Seven_Seg.s
      At line 106 in file Seven_Seg.s
Warning: SysTick_Wait multiply defined
SysTick_Wait10ms 00000000

Symbol: SysTick_Wait10ms
   Definitions
      At line 13 in file Seven_Seg.s
   Uses
      None
Comment: SysTick_Wait10ms unused
8 symbols
355 symbols in table
