


ARM Macro Assembler    Page 1 


    1 00000000         ;   Program Knight Riders2.s
    2 00000000         ;   Sent a Pulces to Port B
    3 00000000         ;   Roman Lopez B.
    4 00000000         ;   September 5, 2020
    5 00000000         ;   !WORKs
    6 00000000                 IMPORT           PORTF_Init
    7 00000000                 IMPORT           PORTB_Init
    8 00000000                 IMPORT           GPIO_PORTF_DATA_R
    9 00000000                 IMPORT           GPIO_PORTB_DATA_R
   10 00000000                 IMPORT           SysTick_Disable
   11 00000000                 IMPORT           SysTick_Init
   12 00000000                 IMPORT           SysTick_Wait10ms
   13 00000000                 IMPORT           SysTick_Wait
   14 00000000         
   15 00000000 0007FFFF 
                       M       EQU              0x007FFFF   ;Delay constant
   16 00000000                 AREA             |.text|, CODE, READONLY, ALIGN=
2
   17 00000000                 THUMB
   18 00000000                 EXPORT           Start
   19 00000000                 IMPORT           SysTick_Init
   20 00000000                 IMPORT           SysTick_Wait
   21 00000000         Start
   22 00000000         
   23 00000000 F7FF FFFE       BL               PORTB_Init  ; initialize PB0 to
                                                             PF7 as output
   24 00000004 F7FF FFFE       BL               SysTick_Init
   25 00000008 4809            LDR              R0,=GPIO_PORTB_DATA_R ;R0 Point
                                                             PORTB Data
   26 0000000A         
   27 0000000A F04F 0101 
                       Loop    MOV              R1,#0x01
   28 0000000E 7001    Loop1   STRB             R1,[R0]     ;Turn Off The LEDs
   29 00000010 F7FF FFFE       BL               SysTick_Wait ;Delay one second
   30 00000014 EA4F 0141       LSL              R1,#1
   31 00000018 F5B1 7F80       CMP              R1,#0X100
   32 0000001C D1F7            BNE              Loop1
   33 0000001E         
   34 0000001E EA4F 0151 
                       Loop2   LSR              R1,#1
   35 00000022 7001            STRB             R1,[R0]
   36 00000024 F7FF FFFE       BL               SysTick_Wait ;Delay one second 
                                                                 
   37 00000028 2900            CMP              R1,#0X00
   38 0000002A D1F8            BNE              Loop2
   39 0000002C E7ED            B                Loop
   40 0000002E         
   41 0000002E 00 00           ALIGN                        ; make sure the end
                                                             of this section is
                                                             aligned
   42 00000030         
   43 00000030                 END                          ; end of file
              00000000 
Command Line: --debug --xref --diag_suppress=9931 --cpu=Cortex-M4.fp.sp --apcs=
interwork --depend=.\objects\systick1r.d -o.\objects\systick1r.o -IC:\Keil_v5\A
RM\RV31\Inc -I.\RTE\_Target_1 -IC:\Users\rolopez\AppData\Local\Arm\Packs\ARM\CM
SIS\5.7.0\CMSIS\Core\Include -IC:\Users\rolopez\AppData\Local\Arm\Packs\Keil\TM
4C_DFP\1.1.0\Device\Include\TM4C123 --predefine="__RTX SETA 1" --predefine="__E
VAL SETA 1" --predefine="__UVISION_VERSION SETA 531" --predefine="_RTE_ SETA 1"



ARM Macro Assembler    Page 2 


 --predefine="TM4C123GH6PM SETA 1" --predefine="_RTE_ SETA 1" --list=.\listings
\systick1r.lst Systick1r.s



ARM Macro Assembler    Page 1 Alphabetic symbol ordering
Relocatable symbols

.text 00000000

Symbol: .text
   Definitions
      At line 16 in file Systick1r.s
   Uses
      None
Comment: .text unused
Loop 0000000A

Symbol: Loop
   Definitions
      At line 27 in file Systick1r.s
   Uses
      At line 39 in file Systick1r.s
Comment: Loop used once
Loop1 0000000E

Symbol: Loop1
   Definitions
      At line 28 in file Systick1r.s
   Uses
      At line 32 in file Systick1r.s
Comment: Loop1 used once
Loop2 0000001E

Symbol: Loop2
   Definitions
      At line 34 in file Systick1r.s
   Uses
      At line 38 in file Systick1r.s
Comment: Loop2 used once
Start 00000000

Symbol: Start
   Definitions
      At line 21 in file Systick1r.s
   Uses
      At line 18 in file Systick1r.s
Comment: Start used once
5 symbols



ARM Macro Assembler    Page 1 Alphabetic symbol ordering
Absolute symbols

M 0007FFFF

Symbol: M
   Definitions
      At line 15 in file Systick1r.s
   Uses
      None
Comment: M unused
1 symbol



ARM Macro Assembler    Page 1 Alphabetic symbol ordering
External symbols

GPIO_PORTB_DATA_R 00000000

Symbol: GPIO_PORTB_DATA_R
   Definitions
      At line 9 in file Systick1r.s
   Uses
      At line 25 in file Systick1r.s
Comment: GPIO_PORTB_DATA_R used once
GPIO_PORTF_DATA_R 00000000

Symbol: GPIO_PORTF_DATA_R
   Definitions
      At line 8 in file Systick1r.s
   Uses
      None
Comment: GPIO_PORTF_DATA_R unused
PORTB_Init 00000000

Symbol: PORTB_Init
   Definitions
      At line 7 in file Systick1r.s
   Uses
      At line 23 in file Systick1r.s
Comment: PORTB_Init used once
PORTF_Init 00000000

Symbol: PORTF_Init
   Definitions
      At line 6 in file Systick1r.s
   Uses
      None
Comment: PORTF_Init unused
SysTick_Disable 00000000

Symbol: SysTick_Disable
   Definitions
      At line 10 in file Systick1r.s
   Uses
      None
Comment: SysTick_Disable unused
SysTick_Init 00000000

Symbol: SysTick_Init
   Definitions
      At line 11 in file Systick1r.s
      At line 19 in file Systick1r.s
   Uses
      At line 24 in file Systick1r.s
Warning: SysTick_Init multiply definedComment: SysTick_Init used once
SysTick_Wait 00000000

Symbol: SysTick_Wait
   Definitions
      At line 13 in file Systick1r.s
      At line 20 in file Systick1r.s
   Uses
      At line 29 in file Systick1r.s
      At line 36 in file Systick1r.s
Warning: SysTick_Wait multiply defined



ARM Macro Assembler    Page 2 Alphabetic symbol ordering
External symbols

SysTick_Wait10ms 00000000

Symbol: SysTick_Wait10ms
   Definitions
      At line 12 in file Systick1r.s
   Uses
      None
Comment: SysTick_Wait10ms unused
8 symbols
352 symbols in table
