


ARM Macro Assembler    Page 1 


    1 00000000         ;   Program Seven_segmet.s
    2 00000000         ;   Send a pater to the Seven segmet
    3 00000000         ;   Roman Lopez B.
    4 00000000         ;   September 5, 2020
    5 00000000         ;   !WORKs
    6 00000000         
    7 00000000                 IMPORT           PORTF_Init
    8 00000000                 IMPORT           PORTB_Init
    9 00000000                 IMPORT           GPIO_PORTF_DATA_R
   10 00000000                 IMPORT           GPIO_PORTB_DATA_R
   11 00000000                 IMPORT           SysTick_Disable
   12 00000000                 IMPORT           SysTick_Init
   13 00000000                 IMPORT           SysTick_Wait10ms
   14 00000000                 IMPORT           SysTick_Wait
   15 00000000         ;Constant Start at 0x08
   16 00000000                 AREA             MyConstant,CODE,READONLY
   17 00000000         Seg_Pat                              ;This the paterm to
                                                             be displayed in th
                                                            e Seven Segment
   18 00000000 00 01 02 
              04 08 10 
              20 40 00 
              40 20 10 
              08 04 02 
              01 AA            DCB              0X0,0X1,0X2,0X4,0X8,0X10,0X20,0
X40,0x00,0x40,0X20,0X10,0X08,0x04,0x02,0x01,0XAA
   19 00000011 00 00 00        ALIGN            4
   20 00000014         ;M         EQU 0x007FFFF   ;Delay constant
   21 00000014                 AREA             |.text|, CODE, READONLY, ALIGN=
2
   22 00000000                 THUMB
   23 00000000                 EXPORT           Start
   24 00000000                 IMPORT           SysTick_Init
   25 00000000                 IMPORT           SysTick_Wait
   26 00000000         Start
   27 00000000         
   28 00000000 F7FF FFFE       BL               PORTF_Init  ; initialize PF0 an
                                                            d PF4 as input and 
                                                            PF1, PF2 and PF3 as
                                                             output
   29 00000004 F7FF FFFE       BL               PORTB_Init  ; initialize PB0 to
                                                             PB7 as output
   30 00000008 F7FF FFFE       BL               SysTick_Init
   31 0000000C 4804            LDR              R0,=GPIO_PORTB_DATA_R ;R0 Point
                                                             PORTB Data
   32 0000000E         
   33 0000000E 4905    Loop0   LDR              R1,=Seg_Pat
   34 00000010 F811 2B01 
                       Loop1   LDRB             R2,[R1],#1
   35 00000014 7002            STRB             R2,[R0]     ;Turn Off The LEDs
   36 00000016 F7FF FFFE       BL               SysTick_Wait ;Delay one second
   37 0000001A 2AAA            CMP              R2,#0xAA
   38 0000001C D1F8            BNE              Loop1
   39 0000001E E7F6            B                Loop0
   40 00000020         
   41 00000020         
   42 00000020                 ALIGN                        ; make sure the end
                                                             of this section is
                                                             aligned



ARM Macro Assembler    Page 2 


   43 00000020         
   44 00000020                 END                          ; end of file
              00000000 
              00000000 
Command Line: --debug --xref --diag_suppress=9931 --cpu=Cortex-M4.fp.sp --apcs=
interwork --depend=.\objects\seven_seg.d -o.\objects\seven_seg.o -I.\RTE\_Targe
t_1 -IC:\Users\rolopez\AppData\Local\Arm\Packs\ARM\CMSIS\5.7.0\CMSIS\Core\Inclu
de -IC:\Users\rolopez\AppData\Local\Arm\Packs\Keil\TM4C_DFP\1.1.0\Device\Includ
e\TM4C123 --predefine="__EVAL SETA 1" --predefine="__UVISION_VERSION SETA 533" 
--predefine="_RTE_ SETA 1" --predefine="TM4C123GH6PM SETA 1" --predefine="_RTE_
 SETA 1" --list=.\listings\seven_seg.lst Seven_Seg.s



ARM Macro Assembler    Page 1 Alphabetic symbol ordering
Relocatable symbols

MyConstant 00000000

Symbol: MyConstant
   Definitions
      At line 16 in file Seven_Seg.s
   Uses
      None
Comment: MyConstant unused
Seg_Pat 00000000

Symbol: Seg_Pat
   Definitions
      At line 17 in file Seven_Seg.s
   Uses
      At line 33 in file Seven_Seg.s
Comment: Seg_Pat used once
2 symbols



ARM Macro Assembler    Page 1 Alphabetic symbol ordering
Relocatable symbols

.text 00000000

Symbol: .text
   Definitions
      At line 21 in file Seven_Seg.s
   Uses
      None
Comment: .text unused
Loop0 0000000E

Symbol: Loop0
   Definitions
      At line 33 in file Seven_Seg.s
   Uses
      At line 39 in file Seven_Seg.s
Comment: Loop0 used once
Loop1 00000010

Symbol: Loop1
   Definitions
      At line 34 in file Seven_Seg.s
   Uses
      At line 38 in file Seven_Seg.s
Comment: Loop1 used once
Start 00000000

Symbol: Start
   Definitions
      At line 26 in file Seven_Seg.s
   Uses
      At line 23 in file Seven_Seg.s
Comment: Start used once
4 symbols



ARM Macro Assembler    Page 1 Alphabetic symbol ordering
External symbols

GPIO_PORTB_DATA_R 00000000

Symbol: GPIO_PORTB_DATA_R
   Definitions
      At line 10 in file Seven_Seg.s
   Uses
      At line 31 in file Seven_Seg.s
Comment: GPIO_PORTB_DATA_R used once
GPIO_PORTF_DATA_R 00000000

Symbol: GPIO_PORTF_DATA_R
   Definitions
      At line 9 in file Seven_Seg.s
   Uses
      None
Comment: GPIO_PORTF_DATA_R unused
PORTB_Init 00000000

Symbol: PORTB_Init
   Definitions
      At line 8 in file Seven_Seg.s
   Uses
      At line 29 in file Seven_Seg.s
Comment: PORTB_Init used once
PORTF_Init 00000000

Symbol: PORTF_Init
   Definitions
      At line 7 in file Seven_Seg.s
   Uses
      At line 28 in file Seven_Seg.s
Comment: PORTF_Init used once
SysTick_Disable 00000000

Symbol: SysTick_Disable
   Definitions
      At line 11 in file Seven_Seg.s
   Uses
      None
Comment: SysTick_Disable unused
SysTick_Init 00000000

Symbol: SysTick_Init
   Definitions
      At line 12 in file Seven_Seg.s
      At line 24 in file Seven_Seg.s
   Uses
      At line 30 in file Seven_Seg.s
Warning: SysTick_Init multiply definedComment: SysTick_Init used once
SysTick_Wait 00000000

Symbol: SysTick_Wait
   Definitions
      At line 14 in file Seven_Seg.s
      At line 25 in file Seven_Seg.s
   Uses
      At line 36 in file Seven_Seg.s
Warning: SysTick_Wait multiply definedComment: SysTick_Wait used once
SysTick_Wait10ms 00000000



ARM Macro Assembler    Page 2 Alphabetic symbol ordering
External symbols


Symbol: SysTick_Wait10ms
   Definitions
      At line 13 in file Seven_Seg.s
   Uses
      None
Comment: SysTick_Wait10ms unused
8 symbols
351 symbols in table
