


ARM Macro Assembler    Page 1 


    1 00000000         ; KeyPad.asm
    2 00000000         ;    4 X 4
    3 00000000         ;   Roman Lopez
    4 00000000         ;     Jun/9/2018
    5 00000000         ;    Keypad Organization
    6 00000000         ;    0  1  2  3
    7 00000000         ;    4  5  6  7
    8 00000000         ;    8  9  A  B
    9 00000000         ;    A  D  C  F
   10 00000000         ;
   11 00000000         ;       Rows             Cols
   12 00000000         ;                (Connet a Pull up Resistor)
   13 00000000         ;    R1 -> Pb0        C1 -> Pb4
   14 00000000         ;    R2 -> Pb1        C2 -> Pb5
   15 00000000         ;    R3 -> Pb2        C3 -> Pb6
   16 00000000         ;    R4 -> Pb3        C4 -> Pb6
   17 00000000         ;
   18 00000000         ;   Very Important Note:
   19 00000000         ;        Connect a pull up Resistor (5K to 10K) to C1,C2
                       ,C3 & C4
   20 00000000         ;
   21 00000000         ; Register Definitions
   22 00000000         ; Input:
   23 00000000         ;  R0 - address of string
   24 00000000         ;
   25 00000000         ; Output:
   26 00000000         ;  R0 - computed length of the supplied string
   27 00000000         ;
   28 00000000         ; Working Registers:
   29 00000000         ;  R5 - current string byte
   30 00000000         ;  R6 - length counter
   31 00000000         ; NOTE: go to Termianl >Serial Windows>Select UART #1
   32 00000000         ;Or active Termite on stand along Tiva
   33 00000000         
   34 00000000                 thumb
   35 00000000                 EXPORT           KeyPad
   36 00000000                 EXPORT           PB_pull_Resistor
   37 00000000                 IMPORT           GPIO_PORTB_DIR_R
   38 00000000                 IMPORT           GPIO_PORTB_PUR_R
   39 00000000                 IMPORT           PORTB_Init
   40 00000000                 IMPORT           PORTF_Init
   41 00000000                 IMPORT           GPIO_PORTF_DATA_R
   42 00000000                 IMPORT           GPIO_PORTB_DATA_R
   43 00000000                 AREA             |.text|, CODE, READONLY, ALIGN=
2
   44 00000000         
   45 00000000         ; Enable the pull-Up resitor PortB (PB7-PB4)
   46 00000000         PB_pull_Resistor
   47 00000000 B503            PUSH             {R0-R1,LR}
   48 00000002 4833            LDR              r0,=GPIO_PORTB_PUR_R
   49 00000004 F04F 01F0       MOV              r1,#0xF0    ;Enable pull up res
                                                            istor PB7-PB4
   50 00000008 6001            STR              r1,[r0]
   51 0000000A E8BD 4003       POP              {R0-R1,LR}
   52 0000000E 4770            BX               LR
   53 00000010         ;SUBROUINE KEYPAD Scand the keypad and return the key in
                        R0
   54 00000010         ;Used THe PORTB
   55 00000010         KeyPad



ARM Macro Assembler    Page 2 


   56 00000010         ;Setup PortB as 7->4 Input, 3->0 Ouput
   57 00000010         ;Init PortB
   58 00000010 B57E            PUSH             {R1-R6,LR}
   59 00000012 4830            LDR              r0,=GPIO_PORTB_DIR_R ;Setting t
                                                            he direction PORTB 
                                                            (out) IO pins
   60 00000014 F04F 010F       MOV              r1,#0x0F
   61 00000018 6001            STR              r1,[r0]
   62 0000001A 482F            LDR              R0,=GPIO_PORTB_DATA_R
   63 0000001C 4F2F            LDR              r7,=GPIO_PORTF_DATA_R
   64 0000001E F04F 0900       MOV              r9,#0x0
   65 00000022         Loop
   66 00000022 F04F 02FE       mov              r2,#0xFE
   67 00000026 F04F 0500       mov              r5,#0
   68 0000002A         ;r2 -> Rows (Pb0->Pb3)
   69 0000002A         ;r2 -> Cols (Pb4->pb7)
   70 0000002A         Loop1
   71 0000002A 7002            strb             r2,[r0]     ;Out Rows
   72 0000002C BF00            nop
   73 0000002E BF00            nop
   74 00000030 BF00            nop
   75 00000032 7803            ldrb             r3,[r0]     ;Get Coluns
   76 00000034         ;*************************************
   77 00000034         ;    mov R3,#0xE0
   78 00000034         ; B Get_TheKew
   79 00000034         ;*********************** 
   80 00000034 F003 03F0       and              R3,R3,#0xF0
   81 00000038 2BF0            CMP              r3,#0xF0    ;See if a key was p
                                                            ressed
   82 0000003A D01A            beq              No_Key
   83 0000003C         
   84 0000003C         ;Press and releazed a key
   85 0000003C         Wait_Key
   86 0000003C 4698            mov              r8,r3
   87 0000003E 7806            ldrb             r6,[r0]     ;Read Keyboad
   88 00000040 F006 06F0       and              r6,r6,#0xF0
   89 00000044         ;wait until key is realesed
   90 00000044 2EF0            cmp              r6,#0xF0
   91 00000046 D1F9            bne              Wait_Key
   92 00000048         
   93 00000048 F04F 0400       mov              r4,#00      ;If col 0 is select
                                                            ed set r4=0
   94 0000004C 2BE0            cmp              r3,#0xE0
   95 0000004E D01B            beq              Get_TheKew
   96 00000050 F104 0401       add              r4,#1       ;If col 0 is select
                                                            ed set r4=1
   97 00000054 2BD0            cmp              r3,#0xD0
   98 00000056 D017            beq              Get_TheKew
   99 00000058 F104 0401       add              r4,#1       ;If col 0 is select
                                                            ed set r4=2
  100 0000005C 2BB0            cmp              r3,#0xB0
  101 0000005E D013            beq              Get_TheKew
  102 00000060 F104 0401       add              r4,#1       ;If col 0 is select
                                                            ed set r4=3
  103 00000064 2B70            cmp              r3,#0x70
  104 00000066 D00F            beq              Get_TheKew  ;if a key is presse
                                                            d go to idenified i
                                                            t
  105 00000068 EA4F 0242       LSL              r2,r2,#1    ;if no was pressed,



ARM Macro Assembler    Page 3 


                                                             inspect the next r
                                                            ow
  106 0000006C 2AFF            cmp              r2,#0xFF
  107 0000006E D0D8            beq              Loop
  108 00000070 E7DB            b                Loop1       ;if no key is press
                                                            ed, start again the
                                                             scand
  109 00000072         
  110 00000072         ;  Set the row numbers
  111 00000072         No_Key                               ;go to the next row
                                                            
  112 00000072 EA4F 0242       lsl              r2,#1
  113 00000076 F042 0201       orr              r2,#1
  114 0000007A F002 02FF       and              r2,#0x00FF
  115 0000007E F105 0501       add              r5,#1
  116 00000082 2D05            cmp              r5,#5
  117 00000084 DACD            bge              Loop
  118 00000086         ;*******
  119 00000086         ; mov R0,#0xAA
  120 00000086         ; B End_program
  121 00000086         ;******************
  122 00000086 E7D0            B                Loop1
  123 00000088         
  124 00000088         ;Get the key from the table
  125 00000088         Get_TheKew
  126 00000088 F1B8 0FE0       cmp              r8,#0xE0
  127 0000008C D00A            beq              LED0
  128 0000008E D110            bne              LED1
  129 00000090         
  130 00000090         
  131 00000090         Get_TheKew1
  132 00000090 F04F 0004       mov              r0,#4
  133 00000094 FB05 F500       mul              r5,r5,r0
  134 00000098 4425            add              r5,r5,r4
  135 0000009A A109            adr              r1,KeyMap   ;Get the start Addr
                                                            ess of KeyMap
  136 0000009C 5D48            ldrb             r0,[r1,r5]  ;Get the Char Key
  137 0000009E         End_program
  138 0000009E E8BD 407E       POP              {R1-R6,LR}
  139 000000A2 4770            BX               LR
  140 000000A4         LED0
  141 000000A4 F04F 0902       mov              r9,#0x02
  142 000000A8 F8C7 9000       str              r9,[r7]
  143 000000AC F04F 0800       mov              r8,#0x00
  144 000000B0 E7EE            b                Get_TheKew1
  145 000000B2         LED1
  146 000000B2 F04F 0900       mov              r9,#0x00
  147 000000B6 F8C7 9000       str              r9,[r7]
  148 000000BA F04F 0800       mov              r8,#0x00
  149 000000BE E7E7            b                Get_TheKew1
  150 000000C0         
  151 000000C0                 align            4
  152 000000C0         ; KEY MAP
  153 000000C0         ; 0 1 2 3
  154 000000C0         ; 4 5 6 7
  155 000000C0         ; 8 9 A B
  156 000000C0         ; C D E F
  157 000000C0         
  158 000000C0         KeyMap



ARM Macro Assembler    Page 4 


  159 000000C0 00 01 02 
              03 04 05 
              06 07 08 
              09 0A 0B 
              0C 0D 0E 
              0F               DCB              0,1,2,3,4,5,6,7,8,9,0xA,0xB,0xC
,0xD,0xE,0xF
  160 000000D0                 END
              00000000 
              00000000 
              00000000 
              00000000 
Command Line: --debug --xref --diag_suppress=9931 --cpu=Cortex-M4 --apcs=interw
ork --depend=.\keypad.d -o.\keypad.o -I.\RTE\_scanf -IC:\Users\Rafael\AppData\L
ocal\Arm\Packs\ARM\CMSIS\5.8.0\CMSIS\Core\Include -IC:\Users\Rafael\AppData\Loc
al\Arm\Packs\Keil\TM4C_DFP\1.1.0\Device\Include\TM4C123 --predefine="__EVAL SET
A 1" --predefine="__MICROLIB SETA 1" --predefine="__UVISION_VERSION SETA 535" -
-predefine="_RTE_ SETA 1" --predefine="TM4C123GH6PM SETA 1" --predefine="_RTE_ 
SETA 1" --list=.\keypad.lst Keypad.s



ARM Macro Assembler    Page 1 Alphabetic symbol ordering
Relocatable symbols

.text 00000000

Symbol: .text
   Definitions
      At line 43 in file Keypad.s
   Uses
      None
Comment: .text unused
End_program 0000009E

Symbol: End_program
   Definitions
      At line 137 in file Keypad.s
   Uses
      None
Comment: End_program unused
Get_TheKew 00000088

Symbol: Get_TheKew
   Definitions
      At line 125 in file Keypad.s
   Uses
      At line 95 in file Keypad.s
      At line 98 in file Keypad.s
      At line 101 in file Keypad.s
      At line 104 in file Keypad.s

Get_TheKew1 00000090

Symbol: Get_TheKew1
   Definitions
      At line 131 in file Keypad.s
   Uses
      At line 144 in file Keypad.s
      At line 149 in file Keypad.s

KeyMap 000000C0

Symbol: KeyMap
   Definitions
      At line 158 in file Keypad.s
   Uses
      At line 135 in file Keypad.s
Comment: KeyMap used once
KeyPad 00000010

Symbol: KeyPad
   Definitions
      At line 55 in file Keypad.s
   Uses
      At line 35 in file Keypad.s
Comment: KeyPad used once
LED0 000000A4

Symbol: LED0
   Definitions
      At line 140 in file Keypad.s
   Uses
      At line 127 in file Keypad.s



ARM Macro Assembler    Page 2 Alphabetic symbol ordering
Relocatable symbols

Comment: LED0 used once
LED1 000000B2

Symbol: LED1
   Definitions
      At line 145 in file Keypad.s
   Uses
      At line 128 in file Keypad.s
Comment: LED1 used once
Loop 00000022

Symbol: Loop
   Definitions
      At line 65 in file Keypad.s
   Uses
      At line 107 in file Keypad.s
      At line 117 in file Keypad.s

Loop1 0000002A

Symbol: Loop1
   Definitions
      At line 70 in file Keypad.s
   Uses
      At line 108 in file Keypad.s
      At line 122 in file Keypad.s

No_Key 00000072

Symbol: No_Key
   Definitions
      At line 111 in file Keypad.s
   Uses
      At line 82 in file Keypad.s
Comment: No_Key used once
PB_pull_Resistor 00000000

Symbol: PB_pull_Resistor
   Definitions
      At line 46 in file Keypad.s
   Uses
      At line 36 in file Keypad.s
Comment: PB_pull_Resistor used once
Wait_Key 0000003C

Symbol: Wait_Key
   Definitions
      At line 85 in file Keypad.s
   Uses
      At line 91 in file Keypad.s
Comment: Wait_Key used once
13 symbols



ARM Macro Assembler    Page 1 Alphabetic symbol ordering
External symbols

GPIO_PORTB_DATA_R 00000000

Symbol: GPIO_PORTB_DATA_R
   Definitions
      At line 42 in file Keypad.s
   Uses
      At line 62 in file Keypad.s
Comment: GPIO_PORTB_DATA_R used once
GPIO_PORTB_DIR_R 00000000

Symbol: GPIO_PORTB_DIR_R
   Definitions
      At line 37 in file Keypad.s
   Uses
      At line 59 in file Keypad.s
Comment: GPIO_PORTB_DIR_R used once
GPIO_PORTB_PUR_R 00000000

Symbol: GPIO_PORTB_PUR_R
   Definitions
      At line 38 in file Keypad.s
   Uses
      At line 48 in file Keypad.s
Comment: GPIO_PORTB_PUR_R used once
GPIO_PORTF_DATA_R 00000000

Symbol: GPIO_PORTF_DATA_R
   Definitions
      At line 41 in file Keypad.s
   Uses
      At line 63 in file Keypad.s
Comment: GPIO_PORTF_DATA_R used once
PORTB_Init 00000000

Symbol: PORTB_Init
   Definitions
      At line 39 in file Keypad.s
   Uses
      None
Comment: PORTB_Init unused
PORTF_Init 00000000

Symbol: PORTF_Init
   Definitions
      At line 40 in file Keypad.s
   Uses
      None
Comment: PORTF_Init unused
6 symbols
356 symbols in table
